2025-06-24 05:57:43,794 - asyncio - DEBUG - Using selector: EpollSelector
2025-06-24 05:57:43,797 - urllib3.connectionpool - DEBUG - Starting new HTTPS connection (1): testnet.binance.vision:443
2025-06-24 05:57:44,172 - urllib3.connectionpool - DEBUG - https://testnet.binance.vision:443 "GET /api/v3/ping HTTP/1.1" 200 2
2025-06-24 05:57:44,173 - src.binance_bot.bot - INFO - Binance client initialized for testnet=True
2025-06-24 05:57:44,174 - src.binance_bot.bot - DEBUG - Futures API URL: https://testnet.binancefuture.com/fapi
2025-06-24 05:57:44,174 - src.binance_bot.bot - DEBUG - Fetching futures account balance
2025-06-24 05:57:44,175 - urllib3.connectionpool - DEBUG - Starting new HTTPS connection (1): testnet.binancefuture.com:443
2025-06-24 05:57:44,523 - urllib3.connectionpool - DEBUG - https://testnet.binancefuture.com:443 "GET /fapi/v3/balance?recvWindow=10000&timestamp=1750744664174&signature=12cbdd36f651d6873a3f770edcc3cb47719c95d4fff119d4a15cb59372a3438d HTTP/1.1" 200 None
2025-06-24 05:57:44,524 - src.binance_bot.bot - DEBUG - Fetched balance: [{'accountAlias': 'fWmYfWTioCuXFz', 'asset': 'FDUSD', 'balance': '0.00000000', 'crossWalletBalance': '0.00000000', 'crossUnPnl': '0.00000000', 'availableBalance': '0.00000000', 'maxWithdrawAmount': '0.00000000', 'marginAvailable': True, 'updateTime': 0}, {'accountAlias': 'fWmYfWTioCuXFz', 'asset': 'BFUSD', 'balance': '0.00000000', 'crossWalletBalance': '0.00000000', 'crossUnPnl': '0.00000000', 'availableBalance': '0.00000000', 'maxWithdrawAmount': '0.00000000', 'marginAvailable': True, 'updateTime': 0}, {'accountAlias': 'fWmYfWTioCuXFz', 'asset': 'BNB', 'balance': '0.00000000', 'crossWalletBalance': '0.00000000', 'crossUnPnl': '0.00000000', 'availableBalance': '0.00000000', 'maxWithdrawAmount': '0.00000000', 'marginAvailable': True, 'updateTime': 0}, {'accountAlias': 'fWmYfWTioCuXFz', 'asset': 'ETH', 'balance': '0.00000000', 'crossWalletBalance': '0.00000000', 'crossUnPnl': '0.00000000', 'availableBalance': '0.00000000', 'maxWithdrawAmount': '0.00000000', 'marginAvailable': True, 'updateTime': 0}, {'accountAlias': 'fWmYfWTioCuXFz', 'asset': 'BTC', 'balance': '0.00000000', 'crossWalletBalance': '0.00000000', 'crossUnPnl': '0.00000000', 'availableBalance': '0.00000000', 'maxWithdrawAmount': '0.00000000', 'marginAvailable': True, 'updateTime': 0}, {'accountAlias': 'fWmYfWTioCuXFz', 'asset': 'USDT', 'balance': '14999.88822297', 'crossWalletBalance': '14999.88822297', 'crossUnPnl': '7.68740000', 'availableBalance': '14997.03993298', 'maxWithdrawAmount': '14997.03993298', 'marginAvailable': True, 'updateTime': 1750693881122}, {'accountAlias': 'fWmYfWTioCuXFz', 'asset': 'USDC', 'balance': '0.00000000', 'crossWalletBalance': '0.00000000', 'crossUnPnl': '0.00000000', 'availableBalance': '0.00000000', 'maxWithdrawAmount': '0.00000000', 'marginAvailable': True, 'updateTime': 0}]
2025-06-24 05:58:34,443 - asyncio - DEBUG - Using selector: EpollSelector
2025-06-24 05:58:34,447 - urllib3.connectionpool - DEBUG - Starting new HTTPS connection (1): testnet.binance.vision:443
2025-06-24 05:58:34,612 - urllib3.connectionpool - DEBUG - https://testnet.binance.vision:443 "GET /api/v3/ping HTTP/1.1" 200 2
2025-06-24 05:58:34,614 - src.binance_bot.bot - INFO - Binance client initialized for testnet=True
2025-06-24 05:58:34,614 - src.binance_bot.bot - DEBUG - Futures API URL: https://testnet.binancefuture.com/fapi
2025-06-24 05:58:34,758 - urllib3.connectionpool - DEBUG - https://testnet.binance.vision:443 "GET /api/v3/exchangeInfo HTTP/1.1" 200 53872
2025-06-24 05:58:34,794 - src.binance_bot.bot - DEBUG - Validated symbol: BTCUSDT
2025-06-24 05:58:34,794 - src.binance_bot.bot - DEBUG - Placing market order: symbol=BTCUSDT, side=BUY, quantity=0.001
2025-06-24 05:58:34,795 - urllib3.connectionpool - DEBUG - Starting new HTTPS connection (1): testnet.binancefuture.com:443
2025-06-24 05:58:34,950 - urllib3.connectionpool - DEBUG - https://testnet.binancefuture.com:443 "POST /fapi/v1/order HTTP/1.1" 200 None
2025-06-24 05:58:34,950 - src.binance_bot.bot - INFO - Placed market order: orderId=4672706641
2025-06-24 05:58:58,070 - asyncio - DEBUG - Using selector: EpollSelector
2025-06-24 05:58:58,072 - urllib3.connectionpool - DEBUG - Starting new HTTPS connection (1): testnet.binance.vision:443
2025-06-24 05:58:58,245 - urllib3.connectionpool - DEBUG - https://testnet.binance.vision:443 "GET /api/v3/ping HTTP/1.1" 200 2
2025-06-24 05:58:58,246 - src.binance_bot.bot - INFO - Binance client initialized for testnet=True
2025-06-24 05:58:58,246 - src.binance_bot.bot - DEBUG - Futures API URL: https://testnet.binancefuture.com/fapi
2025-06-24 05:58:58,389 - urllib3.connectionpool - DEBUG - https://testnet.binance.vision:443 "GET /api/v3/exchangeInfo HTTP/1.1" 200 53872
2025-06-24 05:58:58,544 - src.binance_bot.bot - DEBUG - Validated symbol: BTCUSDT
2025-06-24 05:58:58,545 - src.binance_bot.bot - DEBUG - Placing limit order: symbol=BTCUSDT, side=SELL, quantity=0.001, price=70000.0
2025-06-24 05:58:58,546 - urllib3.connectionpool - DEBUG - Starting new HTTPS connection (1): testnet.binancefuture.com:443
2025-06-24 05:58:58,746 - urllib3.connectionpool - DEBUG - https://testnet.binancefuture.com:443 "POST /fapi/v1/order HTTP/1.1" 400 100
2025-06-24 05:58:58,746 - src.binance_bot.bot - ERROR - Failed to place limit order: APIError(code=-4164): Order's notional must be no smaller than 100 (unless you choose reduce only).
2025-06-24 06:00:03,753 - asyncio - DEBUG - Using selector: EpollSelector
2025-06-24 06:00:03,755 - urllib3.connectionpool - DEBUG - Starting new HTTPS connection (1): testnet.binance.vision:443
2025-06-24 06:00:03,928 - urllib3.connectionpool - DEBUG - https://testnet.binance.vision:443 "GET /api/v3/ping HTTP/1.1" 200 2
2025-06-24 06:00:03,929 - src.binance_bot.bot - INFO - Binance client initialized for testnet=True
2025-06-24 06:00:03,929 - src.binance_bot.bot - DEBUG - Futures API URL: https://testnet.binancefuture.com/fapi
2025-06-24 06:00:04,080 - urllib3.connectionpool - DEBUG - https://testnet.binance.vision:443 "GET /api/v3/exchangeInfo HTTP/1.1" 200 53871
2025-06-24 06:00:04,118 - src.binance_bot.bot - DEBUG - Validated symbol: BTCUSDT
2025-06-24 06:00:04,118 - src.binance_bot.bot - DEBUG - Placing limit order: symbol=BTCUSDT, side=SELL, quantity=0.0015, price=70000.0
2025-06-24 06:00:04,119 - urllib3.connectionpool - DEBUG - Starting new HTTPS connection (1): testnet.binancefuture.com:443
2025-06-24 06:00:04,297 - urllib3.connectionpool - DEBUG - https://testnet.binancefuture.com:443 "POST /fapi/v1/order HTTP/1.1" 400 76
2025-06-24 06:00:04,298 - src.binance_bot.bot - ERROR - Failed to place limit order: APIError(code=-1111): Precision is over the maximum defined for this asset.
2025-06-24 06:01:23,581 - asyncio - DEBUG - Using selector: EpollSelector
2025-06-24 06:01:23,584 - urllib3.connectionpool - DEBUG - Starting new HTTPS connection (1): testnet.binance.vision:443
2025-06-24 06:01:23,747 - urllib3.connectionpool - DEBUG - https://testnet.binance.vision:443 "GET /api/v3/ping HTTP/1.1" 200 2
2025-06-24 06:01:23,748 - src.binance_bot.bot - INFO - Binance client initialized for testnet=True
2025-06-24 06:01:23,748 - src.binance_bot.bot - DEBUG - Futures API URL: https://testnet.binancefuture.com/fapi
2025-06-24 06:01:23,902 - urllib3.connectionpool - DEBUG - https://testnet.binance.vision:443 "GET /api/v3/exchangeInfo HTTP/1.1" 200 53871
2025-06-24 06:01:24,069 - src.binance_bot.bot - DEBUG - Validated symbol: BTCUSDT
2025-06-24 06:01:24,069 - src.binance_bot.bot - DEBUG - Placing limit order: symbol=BTCUSDT, side=SELL, quantity=0.002, price=70000.0
2025-06-24 06:01:24,070 - urllib3.connectionpool - DEBUG - Starting new HTTPS connection (1): testnet.binancefuture.com:443
2025-06-24 06:01:24,271 - urllib3.connectionpool - DEBUG - https://testnet.binancefuture.com:443 "POST /fapi/v1/order HTTP/1.1" 200 None
2025-06-24 06:01:24,272 - src.binance_bot.bot - INFO - Placed limit order: orderId=4672819717
2025-06-24 06:21:02,469 - asyncio - DEBUG - Using selector: EpollSelector
2025-06-24 06:21:02,471 - urllib3.connectionpool - DEBUG - Starting new HTTPS connection (1): testnet.binance.vision:443
2025-06-24 06:21:02,637 - urllib3.connectionpool - DEBUG - https://testnet.binance.vision:443 "GET /api/v3/ping HTTP/1.1" 200 2
2025-06-24 06:21:02,638 - src.binance_bot.bot - INFO - Binance client initialized for testnet=True
2025-06-24 06:21:02,638 - src.binance_bot.bot - DEBUG - Futures API URL: https://testnet.binancefuture.com/fapi
2025-06-24 06:21:02,638 - src.binance_bot.bot - DEBUG - Fetching futures account balance
2025-06-24 06:21:02,639 - urllib3.connectionpool - DEBUG - Starting new HTTPS connection (1): testnet.binancefuture.com:443
2025-06-24 06:21:02,850 - urllib3.connectionpool - DEBUG - https://testnet.binancefuture.com:443 "GET /fapi/v3/balance?recvWindow=10000&timestamp=1750746062638&signature=1f0191357ee96f5d86a4b112d9b2b0e7a67ea388b969a98370faa4eabe62182f HTTP/1.1" 200 None
2025-06-24 06:21:02,850 - src.binance_bot.bot - DEBUG - Fetched balance: [{'accountAlias': 'fWmYfWTioCuXFz', 'asset': 'FDUSD', 'balance': '0.00000000', 'crossWalletBalance': '0.00000000', 'crossUnPnl': '0.00000000', 'availableBalance': '0.00000000', 'maxWithdrawAmount': '0.00000000', 'marginAvailable': True, 'updateTime': 0}, {'accountAlias': 'fWmYfWTioCuXFz', 'asset': 'BFUSD', 'balance': '0.00000000', 'crossWalletBalance': '0.00000000', 'crossUnPnl': '0.00000000', 'availableBalance': '0.00000000', 'maxWithdrawAmount': '0.00000000', 'marginAvailable': True, 'updateTime': 0}, {'accountAlias': 'fWmYfWTioCuXFz', 'asset': 'BNB', 'balance': '0.00000000', 'crossWalletBalance': '0.00000000', 'crossUnPnl': '0.00000000', 'availableBalance': '0.00000000', 'maxWithdrawAmount': '0.00000000', 'marginAvailable': True, 'updateTime': 0}, {'accountAlias': 'fWmYfWTioCuXFz', 'asset': 'ETH', 'balance': '0.00000000', 'crossWalletBalance': '0.00000000', 'crossUnPnl': '0.00000000', 'availableBalance': '0.00000000', 'maxWithdrawAmount': '0.00000000', 'marginAvailable': True, 'updateTime': 0}, {'accountAlias': 'fWmYfWTioCuXFz', 'asset': 'BTC', 'balance': '0.00000000', 'crossWalletBalance': '0.00000000', 'crossUnPnl': '0.00000000', 'availableBalance': '0.00000000', 'maxWithdrawAmount': '0.00000000', 'marginAvailable': True, 'updateTime': 0}, {'accountAlias': 'fWmYfWTioCuXFz', 'asset': 'USDT', 'balance': '15004.90647239', 'crossWalletBalance': '15004.90647239', 'crossUnPnl': '2.63143333', 'availableBalance': '15002.25672572', 'maxWithdrawAmount': '15002.25672572', 'marginAvailable': True, 'updateTime': 1750744884212}, {'accountAlias': 'fWmYfWTioCuXFz', 'asset': 'USDC', 'balance': '0.00000000', 'crossWalletBalance': '0.00000000', 'crossUnPnl': '0.00000000', 'availableBalance': '0.00000000', 'maxWithdrawAmount': '0.00000000', 'marginAvailable': True, 'updateTime': 0}]
2025-06-24 06:23:04,139 - asyncio - DEBUG - Using selector: EpollSelector
2025-06-24 06:23:04,140 - urllib3.connectionpool - DEBUG - Starting new HTTPS connection (1): testnet.binance.vision:443
2025-06-24 06:23:04,304 - urllib3.connectionpool - DEBUG - https://testnet.binance.vision:443 "GET /api/v3/ping HTTP/1.1" 200 2
2025-06-24 06:23:04,305 - src.binance_bot.bot - INFO - Binance client initialized for testnet=True
2025-06-24 06:23:04,305 - src.binance_bot.bot - DEBUG - Futures API URL: https://testnet.binancefuture.com/fapi
2025-06-24 06:25:58,529 - asyncio - DEBUG - Using selector: EpollSelector
2025-06-24 06:25:58,531 - urllib3.connectionpool - DEBUG - Starting new HTTPS connection (1): testnet.binance.vision:443
2025-06-24 06:25:58,701 - urllib3.connectionpool - DEBUG - https://testnet.binance.vision:443 "GET /api/v3/ping HTTP/1.1" 200 2
2025-06-24 06:25:58,701 - src.binance_bot.bot - INFO - Binance client initialized for testnet=True
2025-06-24 06:25:58,701 - src.binance_bot.bot - DEBUG - Futures API URL: https://testnet.binancefuture.com/fapi
2025-06-24 06:26:16,250 - asyncio - DEBUG - Using selector: EpollSelector
2025-06-24 06:26:16,252 - urllib3.connectionpool - DEBUG - Starting new HTTPS connection (1): testnet.binance.vision:443
2025-06-24 06:26:16,401 - urllib3.connectionpool - DEBUG - https://testnet.binance.vision:443 "GET /api/v3/ping HTTP/1.1" 200 2
2025-06-24 06:26:16,402 - src.binance_bot.bot - INFO - Binance client initialized for testnet=True
2025-06-24 06:26:16,402 - src.binance_bot.bot - DEBUG - Futures API URL: https://testnet.binancefuture.com/fapi
2025-06-24 06:31:22,864 - asyncio - DEBUG - Using selector: EpollSelector
2025-06-24 06:31:22,866 - urllib3.connectionpool - DEBUG - Starting new HTTPS connection (1): testnet.binance.vision:443
2025-06-24 06:31:23,054 - urllib3.connectionpool - DEBUG - https://testnet.binance.vision:443 "GET /api/v3/ping HTTP/1.1" 200 2
2025-06-24 06:31:23,054 - src.binance_bot.bot - INFO - Binance client initialized for testnet=True
2025-06-24 06:31:23,054 - src.binance_bot.bot - DEBUG - Futures API URL: https://testnet.binancefuture.com/fapi
2025-06-24 06:37:17,374 - asyncio - DEBUG - Using selector: EpollSelector
2025-06-24 06:37:17,376 - urllib3.connectionpool - DEBUG - Starting new HTTPS connection (1): testnet.binance.vision:443
2025-06-24 06:37:17,544 - urllib3.connectionpool - DEBUG - https://testnet.binance.vision:443 "GET /api/v3/ping HTTP/1.1" 200 2
2025-06-24 06:37:17,545 - src.binance_bot.bot - INFO - Binance client initialized for testnet=True
2025-06-24 06:37:17,545 - src.binance_bot.bot - DEBUG - Futures API URL: https://testnet.binancefuture.com/fapi
2025-06-24 06:37:17,688 - urllib3.connectionpool - DEBUG - https://testnet.binance.vision:443 "GET /api/v3/exchangeInfo HTTP/1.1" 200 53871
2025-06-24 06:37:17,970 - src.binance_bot.bot - DEBUG - Validated symbol: BTCUSDT
2025-06-24 06:37:17,972 - src.binance_bot.bot - DEBUG - Placing stop-limit order: symbol=BTCUSDT, side=SELL, quantity=0.001, stopPrice=60000.0, limitPrice=59900.0
2025-06-24 06:37:17,973 - urllib3.connectionpool - DEBUG - Starting new HTTPS connection (1): testnet.binancefuture.com:443
2025-06-24 06:37:18,349 - urllib3.connectionpool - DEBUG - https://testnet.binancefuture.com:443 "POST /fapi/v1/order HTTP/1.1" 400 41
2025-06-24 06:37:18,350 - src.binance_bot.bot - ERROR - Failed to place stop-limit order: APIError(code=-1116): Invalid orderType.
2025-06-24 06:40:00,830 - asyncio - DEBUG - Using selector: EpollSelector
2025-06-24 06:40:00,832 - urllib3.connectionpool - DEBUG - Starting new HTTPS connection (1): testnet.binance.vision:443
2025-06-24 06:40:01,001 - urllib3.connectionpool - DEBUG - https://testnet.binance.vision:443 "GET /api/v3/ping HTTP/1.1" 200 2
2025-06-24 06:40:01,001 - src.binance_bot.bot - INFO - Binance client initialized for testnet=True
2025-06-24 06:40:01,001 - src.binance_bot.bot - DEBUG - Futures API URL: https://testnet.binancefuture.com/fapi
2025-06-24 06:40:01,143 - urllib3.connectionpool - DEBUG - https://testnet.binance.vision:443 "GET /api/v3/exchangeInfo HTTP/1.1" 200 53871
2025-06-24 06:40:01,421 - src.binance_bot.bot - DEBUG - Validated symbol: BTCUSDT
2025-06-24 06:40:01,423 - src.binance_bot.bot - DEBUG - Placing stop-limit order: symbol=BTCUSDT, side=SELL, quantity=0.001, stopPrice=60000.0, limitPrice=59900.0
2025-06-24 06:40:01,424 - urllib3.connectionpool - DEBUG - Starting new HTTPS connection (1): testnet.binancefuture.com:443
2025-06-24 06:40:01,665 - urllib3.connectionpool - DEBUG - https://testnet.binancefuture.com:443 "POST /fapi/v1/order HTTP/1.1" 400 100
2025-06-24 06:40:01,666 - src.binance_bot.bot - ERROR - Failed to place stop-limit order: APIError(code=-4164): Order's notional must be no smaller than 100 (unless you choose reduce only).
2025-06-24 06:40:48,705 - asyncio - DEBUG - Using selector: EpollSelector
2025-06-24 06:40:48,707 - urllib3.connectionpool - DEBUG - Starting new HTTPS connection (1): testnet.binance.vision:443
2025-06-24 06:40:48,856 - urllib3.connectionpool - DEBUG - https://testnet.binance.vision:443 "GET /api/v3/ping HTTP/1.1" 200 2
2025-06-24 06:40:48,857 - src.binance_bot.bot - INFO - Binance client initialized for testnet=True
2025-06-24 06:40:48,857 - src.binance_bot.bot - DEBUG - Futures API URL: https://testnet.binancefuture.com/fapi
2025-06-24 06:40:49,126 - urllib3.connectionpool - DEBUG - https://testnet.binance.vision:443 "GET /api/v3/exchangeInfo HTTP/1.1" 200 53871
2025-06-24 06:40:49,282 - src.binance_bot.bot - DEBUG - Validated symbol: BTCUSDT
2025-06-24 06:40:49,285 - src.binance_bot.bot - DEBUG - Placing stop-limit order: symbol=BTCUSDT, side=SELL, quantity=0.002, stopPrice=60000.0, limitPrice=59900.0
2025-06-24 06:40:49,286 - urllib3.connectionpool - DEBUG - Starting new HTTPS connection (1): testnet.binancefuture.com:443
2025-06-24 06:40:49,444 - urllib3.connectionpool - DEBUG - https://testnet.binancefuture.com:443 "POST /fapi/v1/order HTTP/1.1" 200 None
2025-06-24 06:40:49,446 - src.binance_bot.bot - INFO - Placed stop-limit order: orderId=4674500380
2025-06-24 06:41:07,536 - asyncio - DEBUG - Using selector: EpollSelector
2025-06-24 06:41:07,538 - urllib3.connectionpool - DEBUG - Starting new HTTPS connection (1): testnet.binance.vision:443
2025-06-24 06:41:07,699 - urllib3.connectionpool - DEBUG - https://testnet.binance.vision:443 "GET /api/v3/ping HTTP/1.1" 200 2
2025-06-24 06:41:07,700 - src.binance_bot.bot - INFO - Binance client initialized for testnet=True
2025-06-24 06:41:07,700 - src.binance_bot.bot - DEBUG - Futures API URL: https://testnet.binancefuture.com/fapi
2025-06-24 06:41:07,856 - urllib3.connectionpool - DEBUG - https://testnet.binance.vision:443 "GET /api/v3/exchangeInfo HTTP/1.1" 200 53871
2025-06-24 06:41:08,019 - src.binance_bot.bot - DEBUG - Validated symbol: BTCUSDT
2025-06-24 06:41:08,021 - src.binance_bot.bot - DEBUG - Fetching open orders for symbol=BTCUSDT
2025-06-24 06:41:08,167 - urllib3.connectionpool - DEBUG - https://testnet.binance.vision:443 "GET /api/v3/openOrders?recvWindow=10000&symbol=BTCUSDT&timestamp=1750747268021&signature=5b39733dc1cfa18e9805f032cada47e26320af00ddd3731b4900719984abc7b1 HTTP/1.1" 401 70
2025-06-24 06:41:08,168 - src.binance_bot.bot - ERROR - Failed to fetch open orders for BTCUSDT: APIError(code=-2015): Invalid API-key, IP, or permissions for action.
2025-06-24 06:42:24,675 - asyncio - DEBUG - Using selector: EpollSelector
2025-06-24 06:42:24,677 - urllib3.connectionpool - DEBUG - Starting new HTTPS connection (1): testnet.binance.vision:443
2025-06-24 06:42:24,847 - urllib3.connectionpool - DEBUG - https://testnet.binance.vision:443 "GET /api/v3/ping HTTP/1.1" 200 2
2025-06-24 06:42:24,847 - src.binance_bot.bot - INFO - Binance client initialized for testnet=True
2025-06-24 06:42:24,847 - src.binance_bot.bot - DEBUG - Futures API URL: https://testnet.binancefuture.com/fapi
2025-06-24 06:42:24,847 - src.binance_bot.bot - DEBUG - Fetching futures account balance
2025-06-24 06:42:24,848 - urllib3.connectionpool - DEBUG - Starting new HTTPS connection (1): testnet.binancefuture.com:443
2025-06-24 06:42:25,061 - urllib3.connectionpool - DEBUG - https://testnet.binancefuture.com:443 "GET /fapi/v3/balance?recvWindow=10000&timestamp=1750747344848&signature=66e1b93f9fe5a239498c09c8b40ee2c607d2bcbc1e2d2434477608a6d078cfbb HTTP/1.1" 200 None
2025-06-24 06:42:25,062 - src.binance_bot.bot - DEBUG - Fetched balance: [{'accountAlias': 'fWmYfWTioCuXFz', 'asset': 'FDUSD', 'balance': '0.00000000', 'crossWalletBalance': '0.00000000', 'crossUnPnl': '0.00000000', 'availableBalance': '0.00000000', 'maxWithdrawAmount': '0.00000000', 'marginAvailable': True, 'updateTime': 0}, {'accountAlias': 'fWmYfWTioCuXFz', 'asset': 'BFUSD', 'balance': '0.00000000', 'crossWalletBalance': '0.00000000', 'crossUnPnl': '0.00000000', 'availableBalance': '0.00000000', 'maxWithdrawAmount': '0.00000000', 'marginAvailable': True, 'updateTime': 0}, {'accountAlias': 'fWmYfWTioCuXFz', 'asset': 'BNB', 'balance': '0.00000000', 'crossWalletBalance': '0.00000000', 'crossUnPnl': '0.00000000', 'availableBalance': '0.00000000', 'maxWithdrawAmount': '0.00000000', 'marginAvailable': True, 'updateTime': 0}, {'accountAlias': 'fWmYfWTioCuXFz', 'asset': 'ETH', 'balance': '0.00000000', 'crossWalletBalance': '0.00000000', 'crossUnPnl': '0.00000000', 'availableBalance': '0.00000000', 'maxWithdrawAmount': '0.00000000', 'marginAvailable': True, 'updateTime': 0}, {'accountAlias': 'fWmYfWTioCuXFz', 'asset': 'BTC', 'balance': '0.00000000', 'crossWalletBalance': '0.00000000', 'crossUnPnl': '0.00000000', 'availableBalance': '0.00000000', 'maxWithdrawAmount': '0.00000000', 'marginAvailable': True, 'updateTime': 0}, {'accountAlias': 'fWmYfWTioCuXFz', 'asset': 'USDT', 'balance': '15004.90647239', 'crossWalletBalance': '15004.90647239', 'crossUnPnl': '2.88723096', 'availableBalance': '15002.49263584', 'maxWithdrawAmount': '15002.49263584', 'marginAvailable': True, 'updateTime': 1750744884212}, {'accountAlias': 'fWmYfWTioCuXFz', 'asset': 'USDC', 'balance': '0.00000000', 'crossWalletBalance': '0.00000000', 'crossUnPnl': '0.00000000', 'availableBalance': '0.00000000', 'maxWithdrawAmount': '0.00000000', 'marginAvailable': True, 'updateTime': 0}]
2025-06-24 06:42:45,125 - asyncio - DEBUG - Using selector: EpollSelector
2025-06-24 06:42:45,127 - urllib3.connectionpool - DEBUG - Starting new HTTPS connection (1): testnet.binance.vision:443
2025-06-24 06:42:45,278 - urllib3.connectionpool - DEBUG - https://testnet.binance.vision:443 "GET /api/v3/ping HTTP/1.1" 200 2
2025-06-24 06:42:45,278 - src.binance_bot.bot - INFO - Binance client initialized for testnet=True
2025-06-24 06:42:45,278 - src.binance_bot.bot - DEBUG - Futures API URL: https://testnet.binancefuture.com/fapi
2025-06-24 06:42:45,430 - urllib3.connectionpool - DEBUG - https://testnet.binance.vision:443 "GET /api/v3/exchangeInfo HTTP/1.1" 200 53871
2025-06-24 06:42:45,723 - src.binance_bot.bot - DEBUG - Validated symbol: BTCUSDT
2025-06-24 06:42:45,725 - src.binance_bot.bot - DEBUG - Fetching open orders for symbol=BTCUSDT
2025-06-24 06:42:45,862 - urllib3.connectionpool - DEBUG - https://testnet.binance.vision:443 "GET /api/v3/openOrders?recvWindow=10000&symbol=BTCUSDT&timestamp=1750747365726&signature=6fe24c5f9d206a1c39ef9ac457a507ea89488f3f71956b639f1d17b39514e975 HTTP/1.1" 401 70
2025-06-24 06:42:45,863 - src.binance_bot.bot - ERROR - Failed to fetch open orders for BTCUSDT: APIError(code=-2015): Invalid API-key, IP, or permissions for action.
2025-06-24 06:44:39,992 - asyncio - DEBUG - Using selector: EpollSelector
2025-06-24 06:44:39,994 - urllib3.connectionpool - DEBUG - Starting new HTTPS connection (1): testnet.binance.vision:443
2025-06-24 06:44:40,156 - urllib3.connectionpool - DEBUG - https://testnet.binance.vision:443 "GET /api/v3/ping HTTP/1.1" 200 2
2025-06-24 06:44:40,156 - src.binance_bot.bot - INFO - Binance client initialized for testnet=True
2025-06-24 06:44:40,156 - src.binance_bot.bot - DEBUG - Futures API URL: https://testnet.binancefuture.com/fapi
2025-06-24 06:44:40,300 - urllib3.connectionpool - DEBUG - https://testnet.binance.vision:443 "GET /api/v3/exchangeInfo HTTP/1.1" 200 53871
2025-06-24 06:44:40,336 - src.binance_bot.bot - DEBUG - Validated symbol: BTCUSDT
2025-06-24 06:44:40,338 - src.binance_bot.bot - DEBUG - Fetching open orders for symbol=BTCUSDT
2025-06-24 06:44:40,339 - urllib3.connectionpool - DEBUG - Starting new HTTPS connection (1): testnet.binancefuture.com:443
2025-06-24 06:44:40,565 - urllib3.connectionpool - DEBUG - https://testnet.binancefuture.com:443 "GET /fapi/v1/openOrders?recvWindow=10000&symbol=BTCUSDT&timestamp=1750747480338&signature=687580ad170bb98f8651d728673906840eb893710611b60e5f59d4f5dc03e463 HTTP/1.1" 200 None
2025-06-24 06:44:56,182 - asyncio - DEBUG - Using selector: EpollSelector
2025-06-24 06:44:56,184 - urllib3.connectionpool - DEBUG - Starting new HTTPS connection (1): testnet.binance.vision:443
2025-06-24 06:44:56,336 - urllib3.connectionpool - DEBUG - https://testnet.binance.vision:443 "GET /api/v3/ping HTTP/1.1" 200 2
2025-06-24 06:44:56,336 - src.binance_bot.bot - INFO - Binance client initialized for testnet=True
2025-06-24 06:44:56,336 - src.binance_bot.bot - DEBUG - Futures API URL: https://testnet.binancefuture.com/fapi
2025-06-24 06:44:56,482 - urllib3.connectionpool - DEBUG - https://testnet.binance.vision:443 "GET /api/v3/exchangeInfo HTTP/1.1" 200 53871
2025-06-24 06:44:56,516 - src.binance_bot.bot - DEBUG - Validated symbol: BTCUSDT
2025-06-24 06:44:56,519 - src.binance_bot.bot - DEBUG - Fetching open orders for symbol=BTCUSDT
2025-06-24 06:44:56,520 - urllib3.connectionpool - DEBUG - Starting new HTTPS connection (1): testnet.binancefuture.com:443
2025-06-24 06:44:56,671 - urllib3.connectionpool - DEBUG - https://testnet.binancefuture.com:443 "GET /fapi/v1/openOrders?recvWindow=10000&symbol=BTCUSDT&timestamp=1750747496519&signature=f9d69fe343555b67c4e4de455c309eb5971723d69a92470a4d68d5baa7e3f5ad HTTP/1.1" 200 None
2025-06-24 06:47:14,482 - asyncio - DEBUG - Using selector: EpollSelector
2025-06-24 06:47:14,484 - urllib3.connectionpool - DEBUG - Starting new HTTPS connection (1): testnet.binance.vision:443
2025-06-24 06:47:14,707 - urllib3.connectionpool - DEBUG - https://testnet.binance.vision:443 "GET /api/v3/ping HTTP/1.1" 200 2
2025-06-24 06:47:14,708 - src.binance_bot.bot - INFO - Binance client initialized for testnet=True
2025-06-24 06:47:14,708 - src.binance_bot.bot - DEBUG - Futures API URL: https://testnet.binancefuture.com/fapi
2025-06-24 06:47:15,004 - urllib3.connectionpool - DEBUG - https://testnet.binance.vision:443 "GET /api/v3/exchangeInfo HTTP/1.1" 200 53871
2025-06-24 06:47:15,159 - src.binance_bot.bot - DEBUG - Validated symbol: BTCUSDT
2025-06-24 06:47:15,162 - src.binance_bot.bot - DEBUG - Fetching open orders for symbol=BTCUSDT
2025-06-24 06:47:15,163 - urllib3.connectionpool - DEBUG - Starting new HTTPS connection (1): testnet.binancefuture.com:443
2025-06-24 06:47:15,373 - urllib3.connectionpool - DEBUG - https://testnet.binancefuture.com:443 "GET /fapi/v1/openOrders?recvWindow=10000&symbol=BTCUSDT&timestamp=1750747635162&signature=f1b4e6e9f16db26d0d28713bcbb4a7e7f27655b071a21224d2407ff9507a28c5 HTTP/1.1" 200 None
2025-06-24 06:47:15,374 - src.binance_bot.bot - DEBUG - Fetched 1 open orders
2025-06-24 07:01:00,015 - asyncio - DEBUG - Using selector: EpollSelector
2025-06-24 07:01:00,017 - urllib3.connectionpool - DEBUG - Starting new HTTPS connection (1): testnet.binance.vision:443
2025-06-24 07:01:00,454 - urllib3.connectionpool - DEBUG - https://testnet.binance.vision:443 "GET /api/v3/ping HTTP/1.1" 200 2
2025-06-24 07:01:00,455 - src.binance_bot.bot - INFO - Binance client initialized for testnet=True
2025-06-24 07:01:00,455 - src.binance_bot.bot - DEBUG - Futures API URL: https://testnet.binancefuture.com/fapi
2025-06-24 07:01:00,722 - urllib3.connectionpool - DEBUG - https://testnet.binance.vision:443 "GET /api/v3/exchangeInfo HTTP/1.1" 200 53871
2025-06-24 07:01:00,875 - src.binance_bot.bot - DEBUG - Validated symbol: BTCUSDT
2025-06-24 07:01:00,877 - src.binance_bot.bot - DEBUG - Fetching open orders for symbol=BTCUSDT
2025-06-24 07:01:00,878 - urllib3.connectionpool - DEBUG - Starting new HTTPS connection (1): testnet.binancefuture.com:443
2025-06-24 07:01:01,107 - urllib3.connectionpool - DEBUG - https://testnet.binancefuture.com:443 "GET /fapi/v1/openOrders?recvWindow=10000&symbol=BTCUSDT&timestamp=1750748460877&signature=f490020ea46f33737cfc0bfa6ff6fed3feb9c1cf595c258211d3e1c75255cfc1 HTTP/1.1" 200 None
2025-06-24 07:01:01,108 - src.binance_bot.bot - DEBUG - Fetched 1 open orders
2025-06-24 07:01:46,548 - asyncio - DEBUG - Using selector: EpollSelector
2025-06-24 07:01:46,550 - urllib3.connectionpool - DEBUG - Starting new HTTPS connection (1): testnet.binance.vision:443
2025-06-24 07:01:46,707 - urllib3.connectionpool - DEBUG - https://testnet.binance.vision:443 "GET /api/v3/ping HTTP/1.1" 200 2
2025-06-24 07:01:46,708 - src.binance_bot.bot - INFO - Binance client initialized for testnet=True
2025-06-24 07:01:46,708 - src.binance_bot.bot - DEBUG - Futures API URL: https://testnet.binancefuture.com/fapi
2025-06-24 07:01:46,993 - urllib3.connectionpool - DEBUG - https://testnet.binance.vision:443 "GET /api/v3/exchangeInfo HTTP/1.1" 200 53871
2025-06-24 07:01:47,174 - src.binance_bot.bot - DEBUG - Validated symbol: BTCUSDT
2025-06-24 07:01:47,178 - src.binance_bot.bot - DEBUG - Canceling order: symbol=BTCUSDT, orderId=4674500380
2025-06-24 07:01:47,313 - urllib3.connectionpool - DEBUG - https://testnet.binance.vision:443 "DELETE /api/v3/order HTTP/1.1" 401 70
2025-06-24 07:01:47,313 - src.binance_bot.bot - ERROR - Failed to cancel order 4674500380 for BTCUSDT: APIError(code=-2015): Invalid API-key, IP, or permissions for action.
2025-06-24 07:04:58,858 - asyncio - DEBUG - Using selector: EpollSelector
2025-06-24 07:04:58,860 - urllib3.connectionpool - DEBUG - Starting new HTTPS connection (1): testnet.binance.vision:443
2025-06-24 07:04:59,026 - urllib3.connectionpool - DEBUG - https://testnet.binance.vision:443 "GET /api/v3/ping HTTP/1.1" 200 2
2025-06-24 07:04:59,026 - src.binance_bot.bot - INFO - Binance client initialized for testnet=True
2025-06-24 07:04:59,027 - src.binance_bot.bot - DEBUG - Futures API URL: https://testnet.binancefuture.com/fapi
2025-06-24 07:04:59,171 - urllib3.connectionpool - DEBUG - https://testnet.binance.vision:443 "GET /api/v3/exchangeInfo HTTP/1.1" 200 53871
2025-06-24 07:04:59,204 - src.binance_bot.bot - DEBUG - Validated symbol: BTCUSDT
2025-06-24 07:04:59,207 - src.binance_bot.bot - DEBUG - Canceling order: symbol=BTCUSDT, orderId=4674500380
2025-06-24 07:04:59,208 - urllib3.connectionpool - DEBUG - Starting new HTTPS connection (1): testnet.binancefuture.com:443
2025-06-24 07:04:59,442 - urllib3.connectionpool - DEBUG - https://testnet.binancefuture.com:443 "DELETE /fapi/v1/order HTTP/1.1" 200 None
2025-06-24 07:04:59,443 - src.binance_bot.bot - INFO - Canceled order: orderId=4674500380
2025-06-24 07:24:38,337 - asyncio - DEBUG - Using selector: EpollSelector
2025-06-24 07:24:38,339 - urllib3.connectionpool - DEBUG - Starting new HTTPS connection (1): testnet.binance.vision:443
2025-06-24 07:24:38,548 - urllib3.connectionpool - DEBUG - https://testnet.binance.vision:443 "GET /api/v3/ping HTTP/11" 200 2
2025-06-24 07:24:38,548 - src.binance_bot.bot - INFO - Binance client initialized for testnet=True
2025-06-24 07:24:38,548 - src.binance_bot.bot - DEBUG - Futures API URL: https://testnet.binancefuture.com/fapi
2025-06-24 07:24:38,548 - src.binance_bot.bot - DEBUG - Fetching futures account balance
2025-06-24 07:24:38,549 - urllib3.connectionpool - DEBUG - Starting new HTTPS connection (1): testnet.binancefuture.com:443
2025-06-24 07:24:38,883 - urllib3.connectionpool - DEBUG - https://testnet.binancefuture.com:443 "GET /fapi/v3/balance?recvWindow=10000&timestamp=1750749878548&signature=84d358ee940c963ec2a096770b29871ade93d9af6e1038cfd0a66b71b6fa88fa HTTP/11" 200 None
2025-06-24 07:24:38,884 - src.binance_bot.bot - DEBUG - Fetched balance: [{'accountAlias': 'fWmYfWTioCuXFz', 'asset': 'FDUSD', 'balance': '0.00000000', 'crossWalletBalance': '0.00000000', 'crossUnPnl': '0.00000000', 'availableBalance': '0.00000000', 'maxWithdrawAmount': '0.00000000', 'marginAvailable': True, 'updateTime': 0}, {'accountAlias': 'fWmYfWTioCuXFz', 'asset': 'BFUSD', 'balance': '0.00000000', 'crossWalletBalance': '0.00000000', 'crossUnPnl': '0.00000000', 'availableBalance': '0.00000000', 'maxWithdrawAmount': '0.00000000', 'marginAvailable': True, 'updateTime': 0}, {'accountAlias': 'fWmYfWTioCuXFz', 'asset': 'BNB', 'balance': '0.00000000', 'crossWalletBalance': '0.00000000', 'crossUnPnl': '0.00000000', 'availableBalance': '0.00000000', 'maxWithdrawAmount': '0.00000000', 'marginAvailable': True, 'updateTime': 0}, {'accountAlias': 'fWmYfWTioCuXFz', 'asset': 'ETH', 'balance': '0.00000000', 'crossWalletBalance': '0.00000000', 'crossUnPnl': '0.00000000', 'availableBalance': '0.00000000', 'maxWithdrawAmount': '0.00000000', 'marginAvailable': True, 'updateTime': 0}, {'accountAlias': 'fWmYfWTioCuXFz', 'asset': 'BTC', 'balance': '0.00000000', 'crossWalletBalance': '0.00000000', 'crossUnPnl': '0.00000000', 'availableBalance': '0.00000000', 'maxWithdrawAmount': '0.00000000', 'marginAvailable': True, 'updateTime': 0}, {'accountAlias': 'fWmYfWTioCuXFz', 'asset': 'USDT', 'balance': '15004.90647239', 'crossWalletBalance': '15004.90647239', 'crossUnPnl': '2.90833333', 'availableBalance': '15002.50468072', 'maxWithdrawAmount': '15002.50468072', 'marginAvailable': True, 'updateTime': 1750744884212}, {'accountAlias': 'fWmYfWTioCuXFz', 'asset': 'USDC', 'balance': '0.00000000', 'crossWalletBalance': '0.00000000', 'crossUnPnl': '0.00000000', 'availableBalance': '0.00000000', 'maxWithdrawAmount': '0.00000000', 'marginAvailable': True, 'updateTime': 0}]
2025-06-24 07:24:50,041 - asyncio - DEBUG - Using selector: EpollSelector
2025-06-24 07:24:50,042 - urllib3.connectionpool - DEBUG - Starting new HTTPS connection (1): testnet.binance.vision:443
2025-06-24 07:24:50,238 - urllib3.connectionpool - DEBUG - https://testnet.binance.vision:443 "GET /api/v3/ping HTTP/11" 200 2
2025-06-24 07:24:50,238 - src.binance_bot.bot - INFO - Binance client initialized for testnet=True
2025-06-24 07:24:50,238 - src.binance_bot.bot - DEBUG - Futures API URL: https://testnet.binancefuture.com/fapi
2025-06-24 07:24:50,388 - urllib3.connectionpool - DEBUG - https://testnet.binance.vision:443 "GET /api/v3/exchangeInfo HTTP/11" 200 53871
2025-06-24 07:24:50,457 - src.binance_bot.bot - DEBUG - Validated symbol: BTCUSDT
2025-06-24 07:24:50,459 - src.binance_bot.bot - DEBUG - Placing market order: symbol=BTCUSDT, side=BUY, quantity=0.001
2025-06-24 07:24:50,460 - urllib3.connectionpool - DEBUG - Starting new HTTPS connection (1): testnet.binancefuture.com:443
2025-06-24 07:24:50,612 - urllib3.connectionpool - DEBUG - https://testnet.binancefuture.com:443 "POST /fapi/v1/order HTTP/11" 200 None
2025-06-24 07:24:50,612 - src.binance_bot.bot - INFO - Placed market order: orderId=4676449126
2025-06-24 07:25:10,251 - asyncio - DEBUG - Using selector: EpollSelector
2025-06-24 07:25:10,252 - urllib3.connectionpool - DEBUG - Starting new HTTPS connection (1): testnet.binance.vision:443
2025-06-24 07:25:10,400 - urllib3.connectionpool - DEBUG - https://testnet.binance.vision:443 "GET /api/v3/ping HTTP/11" 200 2
2025-06-24 07:25:10,401 - src.binance_bot.bot - INFO - Binance client initialized for testnet=True
2025-06-24 07:25:10,402 - src.binance_bot.bot - DEBUG - Futures API URL: https://testnet.binancefuture.com/fapi
2025-06-24 07:25:10,548 - urllib3.connectionpool - DEBUG - https://testnet.binance.vision:443 "GET /api/v3/exchangeInfo HTTP/11" 200 53871
2025-06-24 07:25:10,584 - src.binance_bot.bot - DEBUG - Validated symbol: BTCUSDT
2025-06-24 07:25:10,586 - src.binance_bot.bot - DEBUG - Placing limit order: symbol=BTCUSDT, side=BUY, quantity=0.001, price=59000.0
2025-06-24 07:25:10,587 - urllib3.connectionpool - DEBUG - Starting new HTTPS connection (1): testnet.binancefuture.com:443
2025-06-24 07:25:10,792 - urllib3.connectionpool - DEBUG - https://testnet.binancefuture.com:443 "POST /fapi/v1/order HTTP/11" 400 100
2025-06-24 07:25:10,793 - src.binance_bot.bot - ERROR - Failed to place limit order: APIError(code=-4164): Order's notional must be no smaller than 100 (unless you choose reduce only).
2025-06-24 07:26:39,739 - asyncio - DEBUG - Using selector: EpollSelector
2025-06-24 07:26:39,740 - urllib3.connectionpool - DEBUG - Starting new HTTPS connection (1): testnet.binance.vision:443
2025-06-24 07:26:39,914 - urllib3.connectionpool - DEBUG - https://testnet.binance.vision:443 "GET /api/v3/ping HTTP/11" 200 2
2025-06-24 07:26:39,915 - src.binance_bot.bot - INFO - Binance client initialized for testnet=True
2025-06-24 07:26:39,915 - src.binance_bot.bot - DEBUG - Futures API URL: https://testnet.binancefuture.com/fapi
2025-06-24 07:26:40,061 - urllib3.connectionpool - DEBUG - https://testnet.binance.vision:443 "GET /api/v3/exchangeInfo HTTP/11" 200 53870
2025-06-24 07:26:40,096 - src.binance_bot.bot - DEBUG - Validated symbol: BTCUSDT
2025-06-24 07:26:40,098 - src.binance_bot.bot - DEBUG - Placing limit order: symbol=BTCUSDT, side=BUY, quantity=0.002, price=59000.0
2025-06-24 07:26:40,099 - urllib3.connectionpool - DEBUG - Starting new HTTPS connection (1): testnet.binancefuture.com:443
2025-06-24 07:26:40,350 - urllib3.connectionpool - DEBUG - https://testnet.binancefuture.com:443 "POST /fapi/v1/order HTTP/11" 200 None
2025-06-24 07:26:40,351 - src.binance_bot.bot - INFO - Placed limit order: orderId=4676530273
2025-06-24 07:27:05,721 - asyncio - DEBUG - Using selector: EpollSelector
2025-06-24 07:27:05,722 - urllib3.connectionpool - DEBUG - Starting new HTTPS connection (1): testnet.binance.vision:443
2025-06-24 07:27:05,933 - urllib3.connectionpool - DEBUG - https://testnet.binance.vision:443 "GET /api/v3/ping HTTP/11" 200 2
2025-06-24 07:27:05,934 - src.binance_bot.bot - INFO - Binance client initialized for testnet=True
2025-06-24 07:27:05,934 - src.binance_bot.bot - DEBUG - Futures API URL: https://testnet.binancefuture.com/fapi
2025-06-24 07:27:06,223 - urllib3.connectionpool - DEBUG - https://testnet.binance.vision:443 "GET /api/v3/exchangeInfo HTTP/11" 200 53872
2025-06-24 07:27:06,379 - src.binance_bot.bot - DEBUG - Validated symbol: BTCUSDT
2025-06-24 07:27:06,381 - src.binance_bot.bot - DEBUG - Placing stop-limit order: symbol=BTCUSDT, side=SELL, quantity=0.001, stopPrice=60000.0, limitPrice=59900.0
2025-06-24 07:27:06,382 - urllib3.connectionpool - DEBUG - Starting new HTTPS connection (1): testnet.binancefuture.com:443
2025-06-24 07:27:06,553 - urllib3.connectionpool - DEBUG - https://testnet.binancefuture.com:443 "POST /fapi/v1/order HTTP/11" 400 100
2025-06-24 07:27:06,554 - src.binance_bot.bot - ERROR - Failed to place stop-limit order: APIError(code=-4164): Order's notional must be no smaller than 100 (unless you choose reduce only).
2025-06-24 07:33:05,604 - asyncio - DEBUG - Using selector: EpollSelector
2025-06-24 07:33:05,605 - urllib3.connectionpool - DEBUG - Starting new HTTPS connection (1): testnet.binance.vision:443
2025-06-24 07:33:05,772 - urllib3.connectionpool - DEBUG - https://testnet.binance.vision:443 "GET /api/v3/ping HTTP/11" 200 2
2025-06-24 07:33:05,772 - src.binance_bot.bot - INFO - Binance client initialized for testnet=True
2025-06-24 07:33:05,773 - src.binance_bot.bot - DEBUG - Futures API URL: https://testnet.binancefuture.com/fapi
2025-06-24 07:33:05,773 - src.binance_bot.bot - DEBUG - Fetching futures account balance
2025-06-24 07:33:05,774 - urllib3.connectionpool - DEBUG - Starting new HTTPS connection (1): testnet.binancefuture.com:443
2025-06-24 07:33:05,975 - urllib3.connectionpool - DEBUG - https://testnet.binancefuture.com:443 "GET /fapi/v3/balance?recvWindow=10000&timestamp=1750750385773&signature=87e595da00b64b6eda86a83412d554cf0cdd219374b376f379ac2e83aaad7f14 HTTP/11" 200 None
2025-06-24 07:33:05,976 - src.binance_bot.bot - DEBUG - Fetched balance: [{'accountAlias': 'fWmYfWTioCuXFz', 'asset': 'FDUSD', 'balance': '0.00000000', 'crossWalletBalance': '0.00000000', 'crossUnPnl': '0.00000000', 'availableBalance': '0.00000000', 'maxWithdrawAmount': '0.00000000', 'marginAvailable': True, 'updateTime': 0}, {'accountAlias': 'fWmYfWTioCuXFz', 'asset': 'BFUSD', 'balance': '0.00000000', 'crossWalletBalance': '0.00000000', 'crossUnPnl': '0.00000000', 'availableBalance': '0.00000000', 'maxWithdrawAmount': '0.00000000', 'marginAvailable': True, 'updateTime': 0}, {'accountAlias': 'fWmYfWTioCuXFz', 'asset': 'BNB', 'balance': '0.00000000', 'crossWalletBalance': '0.00000000', 'crossUnPnl': '0.00000000', 'availableBalance': '0.00000000', 'maxWithdrawAmount': '0.00000000', 'marginAvailable': True, 'updateTime': 0}, {'accountAlias': 'fWmYfWTioCuXFz', 'asset': 'ETH', 'balance': '0.00000000', 'crossWalletBalance': '0.00000000', 'crossUnPnl': '0.00000000', 'availableBalance': '0.00000000', 'maxWithdrawAmount': '0.00000000', 'marginAvailable': True, 'updateTime': 0}, {'accountAlias': 'fWmYfWTioCuXFz', 'asset': 'BTC', 'balance': '0.00000000', 'crossWalletBalance': '0.00000000', 'crossUnPnl': '0.00000000', 'availableBalance': '0.00000000', 'maxWithdrawAmount': '0.00000000', 'marginAvailable': True, 'updateTime': 0}, {'accountAlias': 'fWmYfWTioCuXFz', 'asset': 'USDT', 'balance': '15004.86420191', 'crossWalletBalance': '15004.86420191', 'crossUnPnl': '2.05443333', 'availableBalance': '14990.44769524', 'maxWithdrawAmount': '14990.44769524', 'marginAvailable': True, 'updateTime': 1750749890553}, {'accountAlias': 'fWmYfWTioCuXFz', 'asset': 'USDC', 'balance': '0.00000000', 'crossWalletBalance': '0.00000000', 'crossUnPnl': '0.00000000', 'availableBalance': '0.00000000', 'maxWithdrawAmount': '0.00000000', 'marginAvailable': True, 'updateTime': 0}]
2025-06-24 07:33:19,757 - asyncio - DEBUG - Using selector: EpollSelector
2025-06-24 07:33:19,759 - urllib3.connectionpool - DEBUG - Starting new HTTPS connection (1): testnet.binance.vision:443
2025-06-24 07:33:19,919 - urllib3.connectionpool - DEBUG - https://testnet.binance.vision:443 "GET /api/v3/ping HTTP/11" 200 2
2025-06-24 07:33:19,919 - src.binance_bot.bot - INFO - Binance client initialized for testnet=True
2025-06-24 07:33:19,919 - src.binance_bot.bot - DEBUG - Futures API URL: https://testnet.binancefuture.com/fapi
2025-06-24 07:33:20,078 - urllib3.connectionpool - DEBUG - https://testnet.binance.vision:443 "GET /api/v3/exchangeInfo HTTP/11" 200 53871
2025-06-24 07:33:20,379 - src.binance_bot.bot - DEBUG - Validated symbol: BTCUSDT
2025-06-24 07:33:20,381 - src.binance_bot.bot - DEBUG - Placing market order: symbol=BTCUSDT, side=BUY, quantity=0.001
2025-06-24 07:33:20,382 - urllib3.connectionpool - DEBUG - Starting new HTTPS connection (1): testnet.binancefuture.com:443
2025-06-24 07:33:20,543 - urllib3.connectionpool - DEBUG - https://testnet.binancefuture.com:443 "POST /fapi/v1/order HTTP/11" 200 None
2025-06-24 07:33:20,544 - src.binance_bot.bot - INFO - Placed market order: orderId=4676829962
2025-06-24 07:33:31,578 - asyncio - DEBUG - Using selector: EpollSelector
2025-06-24 07:33:31,579 - urllib3.connectionpool - DEBUG - Starting new HTTPS connection (1): testnet.binance.vision:443
2025-06-24 07:33:31,743 - urllib3.connectionpool - DEBUG - https://testnet.binance.vision:443 "GET /api/v3/ping HTTP/11" 200 2
2025-06-24 07:33:31,743 - src.binance_bot.bot - INFO - Binance client initialized for testnet=True
2025-06-24 07:33:31,743 - src.binance_bot.bot - DEBUG - Futures API URL: https://testnet.binancefuture.com/fapi
2025-06-24 07:33:31,893 - urllib3.connectionpool - DEBUG - https://testnet.binance.vision:443 "GET /api/v3/exchangeInfo HTTP/11" 200 53871
2025-06-24 07:33:31,928 - src.binance_bot.bot - DEBUG - Validated symbol: BTCUSDT
2025-06-24 07:33:31,930 - src.binance_bot.bot - DEBUG - Placing limit order: symbol=BTCUSDT, side=BUY, quantity=0.002, price=59000.0
2025-06-24 07:33:31,931 - urllib3.connectionpool - DEBUG - Starting new HTTPS connection (1): testnet.binancefuture.com:443
2025-06-24 07:33:32,108 - urllib3.connectionpool - DEBUG - https://testnet.binancefuture.com:443 "POST /fapi/v1/order HTTP/11" 200 None
2025-06-24 07:33:32,109 - src.binance_bot.bot - INFO - Placed limit order: orderId=4676843404
2025-06-24 07:33:41,948 - asyncio - DEBUG - Using selector: EpollSelector
2025-06-24 07:33:41,949 - urllib3.connectionpool - DEBUG - Starting new HTTPS connection (1): testnet.binance.vision:443
2025-06-24 07:33:42,108 - urllib3.connectionpool - DEBUG - https://testnet.binance.vision:443 "GET /api/v3/ping HTTP/11" 200 2
2025-06-24 07:33:42,109 - src.binance_bot.bot - INFO - Binance client initialized for testnet=True
2025-06-24 07:33:42,109 - src.binance_bot.bot - DEBUG - Futures API URL: https://testnet.binancefuture.com/fapi
2025-06-24 07:33:42,529 - urllib3.connectionpool - DEBUG - https://testnet.binance.vision:443 "GET /api/v3/exchangeInfo HTTP/11" 200 53871
2025-06-24 07:33:42,822 - src.binance_bot.bot - DEBUG - Validated symbol: BTCUSDT
2025-06-24 07:51:47,894 - asyncio - DEBUG - Using selector: EpollSelector
2025-06-24 07:51:47,895 - urllib3.connectionpool - DEBUG - Starting new HTTPS connection (1): testnet.binance.vision:443
2025-06-24 07:51:48,061 - urllib3.connectionpool - DEBUG - https://testnet.binance.vision:443 "GET /api/v3/ping HTTP/11" 200 2
2025-06-24 07:51:48,061 - src.binance_bot.bot - INFO - Binance client initialized for testnet=True
2025-06-24 07:51:48,062 - src.binance_bot.bot - DEBUG - Futures API URL: https://testnet.binancefuture.com/fapi
2025-06-24 07:51:48,062 - src.binance_bot.bot - DEBUG - Fetching futures account balance
2025-06-24 07:51:48,063 - urllib3.connectionpool - DEBUG - Starting new HTTPS connection (1): testnet.binancefuture.com:443
2025-06-24 07:51:48,276 - urllib3.connectionpool - DEBUG - https://testnet.binancefuture.com:443 "GET /fapi/v3/balance?recvWindow=10000&timestamp=1750751508062&signature=0ebeea9985a85ccb10c5ee9d421e525d2007f4caca3be2d26cb3c1d59bdc5c89 HTTP/11" 200 None
2025-06-24 07:51:48,277 - src.binance_bot.bot - DEBUG - Fetched balance: [{'accountAlias': 'fWmYfWTioCuXFz', 'asset': 'FDUSD', 'balance': '0.00000000', 'crossWalletBalance': '0.00000000', 'crossUnPnl': '0.00000000', 'availableBalance': '0.00000000', 'maxWithdrawAmount': '0.00000000', 'marginAvailable': True, 'updateTime': 0}, {'accountAlias': 'fWmYfWTioCuXFz', 'asset': 'BFUSD', 'balance': '0.00000000', 'crossWalletBalance': '0.00000000', 'crossUnPnl': '0.00000000', 'availableBalance': '0.00000000', 'maxWithdrawAmount': '0.00000000', 'marginAvailable': True, 'updateTime': 0}, {'accountAlias': 'fWmYfWTioCuXFz', 'asset': 'BNB', 'balance': '0.00000000', 'crossWalletBalance': '0.00000000', 'crossUnPnl': '0.00000000', 'availableBalance': '0.00000000', 'maxWithdrawAmount': '0.00000000', 'marginAvailable': True, 'updateTime': 0}, {'accountAlias': 'fWmYfWTioCuXFz', 'asset': 'ETH', 'balance': '0.00000000', 'crossWalletBalance': '0.00000000', 'crossUnPnl': '0.00000000', 'availableBalance': '0.00000000', 'maxWithdrawAmount': '0.00000000', 'marginAvailable': True, 'updateTime': 0}, {'accountAlias': 'fWmYfWTioCuXFz', 'asset': 'BTC', 'balance': '0.00000000', 'crossWalletBalance': '0.00000000', 'crossUnPnl': '0.00000000', 'availableBalance': '0.00000000', 'maxWithdrawAmount': '0.00000000', 'marginAvailable': True, 'updateTime': 0}, {'accountAlias': 'fWmYfWTioCuXFz', 'asset': 'USDT', 'balance': '15004.82210935', 'crossWalletBalance': '15004.82210935', 'crossUnPnl': '1.70825697', 'availableBalance': '14978.94554150', 'maxWithdrawAmount': '14978.94554150', 'marginAvailable': True, 'updateTime': 1750750400489}, {'accountAlias': 'fWmYfWTioCuXFz', 'asset': 'USDC', 'balance': '0.00000000', 'crossWalletBalance': '0.00000000', 'crossUnPnl': '0.00000000', 'availableBalance': '0.00000000', 'maxWithdrawAmount': '0.00000000', 'marginAvailable': True, 'updateTime': 0}]
2025-06-24 07:52:00,213 - asyncio - DEBUG - Using selector: EpollSelector
2025-06-24 07:52:00,214 - urllib3.connectionpool - DEBUG - Starting new HTTPS connection (1): testnet.binance.vision:443
2025-06-24 07:52:00,388 - urllib3.connectionpool - DEBUG - https://testnet.binance.vision:443 "GET /api/v3/ping HTTP/11" 200 2
2025-06-24 07:52:00,388 - src.binance_bot.bot - INFO - Binance client initialized for testnet=True
2025-06-24 07:52:00,388 - src.binance_bot.bot - DEBUG - Futures API URL: https://testnet.binancefuture.com/fapi
2025-06-24 07:52:00,659 - urllib3.connectionpool - DEBUG - https://testnet.binance.vision:443 "GET /api/v3/exchangeInfo HTTP/11" 200 53871
2025-06-24 07:52:00,814 - src.binance_bot.bot - DEBUG - Validated symbol: BTCUSDT
2025-06-24 07:52:00,817 - urllib3.connectionpool - DEBUG - Starting new HTTPS connection (1): testnet.binancefuture.com:443
2025-06-24 07:52:00,976 - urllib3.connectionpool - DEBUG - https://testnet.binancefuture.com:443 "GET /fapi/v1/premiumIndex?symbol=BTCUSDT HTTP/11" 200 None
2025-06-24 07:52:00,976 - src.binance_bot.bot - DEBUG - Placing market order: symbol=BTCUSDT, side=BUY, quantity=0.001
2025-06-24 07:52:01,113 - urllib3.connectionpool - DEBUG - https://testnet.binancefuture.com:443 "POST /fapi/v1/order HTTP/11" 200 None
2025-06-24 07:52:01,114 - src.binance_bot.bot - INFO - Placed market order: orderId=4677629204
2025-06-24 07:52:11,817 - asyncio - DEBUG - Using selector: EpollSelector
2025-06-24 07:52:11,819 - urllib3.connectionpool - DEBUG - Starting new HTTPS connection (1): testnet.binance.vision:443
2025-06-24 07:52:11,983 - urllib3.connectionpool - DEBUG - https://testnet.binance.vision:443 "GET /api/v3/ping HTTP/11" 200 2
2025-06-24 07:52:11,983 - src.binance_bot.bot - INFO - Binance client initialized for testnet=True
2025-06-24 07:52:11,984 - src.binance_bot.bot - DEBUG - Futures API URL: https://testnet.binancefuture.com/fapi
2025-06-24 07:52:12,136 - urllib3.connectionpool - DEBUG - https://testnet.binance.vision:443 "GET /api/v3/exchangeInfo HTTP/11" 200 53871
2025-06-24 07:52:12,341 - src.binance_bot.bot - DEBUG - Validated symbol: BTCUSDT
2025-06-24 07:52:12,346 - src.binance_bot.bot - DEBUG - Placing limit order: symbol=BTCUSDT, side=BUY, quantity=0.002, price=59000.0
2025-06-24 07:52:12,347 - urllib3.connectionpool - DEBUG - Starting new HTTPS connection (1): testnet.binancefuture.com:443
2025-06-24 07:52:12,515 - urllib3.connectionpool - DEBUG - https://testnet.binancefuture.com:443 "POST /fapi/v1/order HTTP/11" 200 None
2025-06-24 07:52:12,515 - src.binance_bot.bot - INFO - Placed limit order: orderId=4677641423
2025-06-24 07:52:25,153 - asyncio - DEBUG - Using selector: EpollSelector
2025-06-24 07:52:25,154 - urllib3.connectionpool - DEBUG - Starting new HTTPS connection (1): testnet.binance.vision:443
2025-06-24 07:52:25,304 - urllib3.connectionpool - DEBUG - https://testnet.binance.vision:443 "GET /api/v3/ping HTTP/11" 200 2
2025-06-24 07:52:25,305 - src.binance_bot.bot - INFO - Binance client initialized for testnet=True
2025-06-24 07:52:25,305 - src.binance_bot.bot - DEBUG - Futures API URL: https://testnet.binancefuture.com/fapi
2025-06-24 07:52:25,457 - urllib3.connectionpool - DEBUG - https://testnet.binance.vision:443 "GET /api/v3/exchangeInfo HTTP/11" 200 53871
2025-06-24 07:52:25,492 - src.binance_bot.bot - DEBUG - Validated symbol: BTCUSDT
2025-06-24 07:53:01,042 - asyncio - DEBUG - Using selector: EpollSelector
2025-06-24 07:53:01,044 - urllib3.connectionpool - DEBUG - Starting new HTTPS connection (1): testnet.binance.vision:443
2025-06-24 07:53:01,191 - urllib3.connectionpool - DEBUG - https://testnet.binance.vision:443 "GET /api/v3/ping HTTP/11" 200 2
2025-06-24 07:53:01,192 - src.binance_bot.bot - INFO - Binance client initialized for testnet=True
2025-06-24 07:53:01,192 - src.binance_bot.bot - DEBUG - Futures API URL: https://testnet.binancefuture.com/fapi
2025-06-24 07:53:01,335 - urllib3.connectionpool - DEBUG - https://testnet.binance.vision:443 "GET /api/v3/exchangeInfo HTTP/11" 200 53871
2025-06-24 07:53:01,370 - src.binance_bot.bot - DEBUG - Validated symbol: BTCUSDT
2025-06-24 07:53:01,372 - src.binance_bot.bot - DEBUG - Placing stop-limit order: symbol=BTCUSDT, side=SELL, quantity=0.001, stopPrice=60000.0, limitPrice=59900.0
2025-06-24 07:53:01,372 - urllib3.connectionpool - DEBUG - Starting new HTTPS connection (1): testnet.binancefuture.com:443
2025-06-24 07:53:01,567 - urllib3.connectionpool - DEBUG - https://testnet.binancefuture.com:443 "POST /fapi/v1/order HTTP/11" 200 None
2025-06-24 07:53:01,567 - src.binance_bot.bot - INFO - Placed stop-limit order: orderId=4677674001
2025-06-24 07:53:19,914 - asyncio - DEBUG - Using selector: EpollSelector
2025-06-24 07:53:19,915 - urllib3.connectionpool - DEBUG - Starting new HTTPS connection (1): testnet.binance.vision:443
2025-06-24 07:53:20,064 - urllib3.connectionpool - DEBUG - https://testnet.binance.vision:443 "GET /api/v3/ping HTTP/11" 200 2
2025-06-24 07:53:20,064 - src.binance_bot.bot - INFO - Binance client initialized for testnet=True
2025-06-24 07:53:20,064 - src.binance_bot.bot - DEBUG - Futures API URL: https://testnet.binancefuture.com/fapi
2025-06-24 07:53:20,208 - urllib3.connectionpool - DEBUG - https://testnet.binance.vision:443 "GET /api/v3/exchangeInfo HTTP/11" 200 53871
2025-06-24 07:53:20,491 - src.binance_bot.bot - DEBUG - Validated symbol: BTCUSDT
2025-06-24 07:53:20,494 - src.binance_bot.bot - DEBUG - Fetching open orders for symbol=BTCUSDT
2025-06-24 07:53:20,495 - urllib3.connectionpool - DEBUG - Starting new HTTPS connection (1): testnet.binancefuture.com:443
2025-06-24 07:53:20,667 - urllib3.connectionpool - DEBUG - https://testnet.binancefuture.com:443 "GET /fapi/v1/openOrders?recvWindow=10000&symbol=BTCUSDT&timestamp=1750751600494&signature=100c018ee90879910324ee53b61fbeddaa4f9d70db86a6ab06a555aedc32e21e HTTP/11" 200 None
2025-06-24 07:53:20,668 - src.binance_bot.bot - DEBUG - Fetched 4 open orders
2025-06-24 07:57:16,384 - asyncio - DEBUG - Using selector: EpollSelector
2025-06-24 07:57:16,385 - urllib3.connectionpool - DEBUG - Starting new HTTPS connection (1): testnet.binance.vision:443
2025-06-24 07:57:16,644 - urllib3.connectionpool - DEBUG - https://testnet.binance.vision:443 "GET /api/v3/ping HTTP/11" 200 2
2025-06-24 07:57:16,645 - src.binance_bot.bot - INFO - Binance client initialized for testnet=True
2025-06-24 07:57:16,645 - src.binance_bot.bot - DEBUG - Futures API URL: https://testnet.binancefuture.com/fapi
2025-06-24 07:57:16,794 - urllib3.connectionpool - DEBUG - https://testnet.binance.vision:443 "GET /api/v3/exchangeInfo HTTP/11" 200 53872
2025-06-24 07:57:16,957 - src.binance_bot.bot - DEBUG - Validated symbol: BTCUSDT
2025-06-24 07:57:16,960 - src.binance_bot.bot - DEBUG - Fetching open orders for symbol=BTCUSDT
2025-06-24 07:57:16,962 - urllib3.connectionpool - DEBUG - Starting new HTTPS connection (1): testnet.binancefuture.com:443
2025-06-24 07:57:17,207 - urllib3.connectionpool - DEBUG - https://testnet.binancefuture.com:443 "GET /fapi/v1/openOrders?recvWindow=10000&symbol=BTCUSDT&timestamp=1750751836960&signature=94ebc659d46da1e4f972bb667fec8dc55b4fa1e22105b7a8bcad6cb1651b2673 HTTP/11" 200 None
2025-06-24 07:57:17,208 - src.binance_bot.bot - DEBUG - Fetched 4 open orders
2025-06-24 08:07:49,875 - asyncio - DEBUG - Using selector: EpollSelector
2025-06-24 08:07:49,876 - urllib3.connectionpool - DEBUG - Starting new HTTPS connection (1): testnet.binance.vision:443
2025-06-24 08:07:50,043 - urllib3.connectionpool - DEBUG - https://testnet.binance.vision:443 "GET /api/v3/ping HTTP/11" 200 2
2025-06-24 08:07:50,044 - src.binance_bot.bot - INFO - Binance client initialized for testnet=True
2025-06-24 08:07:50,044 - src.binance_bot.bot - DEBUG - Futures API URL: https://testnet.binancefuture.com/fapi
2025-06-24 08:07:50,187 - urllib3.connectionpool - DEBUG - https://testnet.binance.vision:443 "GET /api/v3/exchangeInfo HTTP/11" 200 53871
2025-06-24 08:07:50,218 - src.binance_bot.bot - DEBUG - Validated symbol: BTCUSDT
2025-06-24 08:07:50,220 - src.binance_bot.bot - DEBUG - Placing stop-limit order: symbol=BTCUSDT, side=SELL, quantity=0.001, stopPrice=60000.0, limitPrice=59900.0
2025-06-24 08:07:50,221 - urllib3.connectionpool - DEBUG - Starting new HTTPS connection (1): testnet.binancefuture.com:443
2025-06-24 08:07:50,593 - urllib3.connectionpool - DEBUG - https://testnet.binancefuture.com:443 "POST /fapi/v1/order HTTP/11" 200 None
2025-06-24 08:07:50,594 - src.binance_bot.bot - INFO - Placed stop-limit order: orderId=4678321558
